<?xml version="1.0" encoding="UTF-8"?>
<testsuites>
	<testsuite name="index" errors="0" failures="0" tests="7" time="0.01">
		<testcase classname="index" name="util.passwordEvaluator: bad" assertions="1" time="0.01">
		</testcase>
		<testcase classname="index" name="util.passwordEvaluator: length-okay" assertions="1" time="0.01">
		</testcase>
		<testcase classname="index" name="util.passwordEvaluator: length-good" assertions="1" time="0.01">
		</testcase>
		<testcase classname="index" name="util.passwordEvaluator: category-okay" assertions="1" time="0.01">
		</testcase>
		<testcase classname="index" name="util.passwordEvaluator: category-good" assertions="1" time="0.01">
		</testcase>
		<testcase classname="index" name="util.passwordEvaluator: casing-good" assertions="1" time="0.01">
		</testcase>
		<testcase classname="index" name="util.passwordEvaluator: all-good" assertions="1" time="0.01">
		</testcase>
	</testsuite>
	<testsuite name="index" errors="0" failures="1" tests="2" time="0.01">
		<testcase classname="index" name="util.random: randomBelow" assertions="3" time="0.01">
		</testcase>
		<testcase classname="index" name="util.random: global failure" assertions="1" time="0.01">
			<failure type="failed" message="SyntaxError: Parse error">
	http://localhost:8082/js/util/getBrownies.js:9
			</failure>
		</testcase>
	</testsuite>
	<testsuite name="index" errors="2" failures="0" tests="2" time="0.01">
		<testcase classname="index" name="util.getBrownies: existing user name" assertions="1" time="0.01">
			<error type="failed" message="Died on test #1: 'undefined' is not an object (evaluating 'gBot.getPoints')">
	at http://localhost:8082/test/lib/qunit.js:340
    at http://localhost:8082/js/util/getBrownies.test.js:9
    at http://localhost:8082/lib/require.min.js:31
    at http://localhost:8082/lib/require.min.js:21
    at http://localhost:8082/lib/require.min.js:25
    at http://localhost:8082/lib/require.min.js:8
    at http://localhost:8082/lib/require.min.js:26
    at q (http://localhost:8082/lib/require.min.js:7)
    at http://localhost:8082/lib/require.min.js:26
    at http://localhost:8082/lib/require.min.js:22
    at http://localhost:8082/lib/require.min.js:26
    at http://localhost:8082/lib/require.min.js:19
    at W (http://localhost:8082/lib/require.min.js:17)
    at http://localhost:8082/lib/require.min.js:30
    at http://localhost:8082/lib/require.min.js:3
	TypeError: 'undefined' is not an object (evaluating 'gBot.getPoints')
			</error>
		</testcase>
		<testcase classname="index" name="util.getBrownies: length-zero user name" assertions="1" time="0.01">
			<error type="failed" message="Died on test #1: 'undefined' is not an object (evaluating 'gBot.getPoints')">
	at http://localhost:8082/test/lib/qunit.js:340
    at http://localhost:8082/js/util/getBrownies.test.js:13
    at http://localhost:8082/lib/require.min.js:31
    at http://localhost:8082/lib/require.min.js:21
    at http://localhost:8082/lib/require.min.js:25
    at http://localhost:8082/lib/require.min.js:8
    at http://localhost:8082/lib/require.min.js:26
    at q (http://localhost:8082/lib/require.min.js:7)
    at http://localhost:8082/lib/require.min.js:26
    at http://localhost:8082/lib/require.min.js:22
    at http://localhost:8082/lib/require.min.js:26
    at http://localhost:8082/lib/require.min.js:19
    at W (http://localhost:8082/lib/require.min.js:17)
    at http://localhost:8082/lib/require.min.js:30
    at http://localhost:8082/lib/require.min.js:3
	TypeError: 'undefined' is not an object (evaluating 'gBot.getPoints')
			</error>
		</testcase>
	</testsuite>
</testsuites>
